<?xml version="1.0" encoding="UTF-8"?>
<!-- Generated by org.testng.reporters.JUnitReportReporter -->
<testsuite hostname="mindc1d438" failures="0" tests="1" name="testcase.MyFirstTestFW" time="5.551" errors="0" timestamp="2022-05-21T18:01:24 IST" skipped="0">
  <testcase classname="testcase.MyFirstTestFW" name="LoginTest" time="5.551"/>
  <system-out/>
</testsuite> <!-- testcase.MyFirstTestFW -->
