<?xml version="1.0" encoding="UTF-8"?>
<!-- Generated by org.testng.reporters.JUnitReportReporter -->
<testsuite hostname="mindc1d438" failures="0" tests="1" name="testcase.MyfourthTestCase" time="2.828" errors="0" timestamp="2022-05-21T17:56:30 IST" skipped="0">
  <testcase classname="testcase.MyfourthTestCase" name="LoginTest" time="2.828"/>
  <system-out/>
</testsuite> <!-- testcase.MyfourthTestCase -->
